Using TensorFlow backend.
Model loaded.
Start of iteration 0
Current loss value: 2.4665e+09
Image saved as images/paint_at_iteration_0.png
Iteration 0 completed in 21s
Start of iteration 1
Current loss value: 1.53573e+09
Image saved as images/paint_at_iteration_1.png
Iteration 1 completed in 18s
Start of iteration 2
Current loss value: 1.25371e+09
Image saved as images/paint_at_iteration_2.png
Iteration 2 completed in 18s
Start of iteration 3
Current loss value: 1.1007e+09
Image saved as images/paint_at_iteration_3.png
Iteration 3 completed in 18s
Start of iteration 4
Current loss value: 1.0076e+09
Image saved as images/paint_at_iteration_4.png
Iteration 4 completed in 18s
Start of iteration 5
Current loss value: 9.41759e+08
Image saved as images/paint_at_iteration_5.png
Iteration 5 completed in 18s
Start of iteration 6
Current loss value: 8.92135e+08
Image saved as images/paint_at_iteration_6.png
Iteration 6 completed in 18s
Start of iteration 7
Current loss value: 8.47016e+08
Image saved as images/paint_at_iteration_7.png
Iteration 7 completed in 18s
Start of iteration 8
Current loss value: 8.15136e+08
Image saved as images/paint_at_iteration_8.png
Iteration 8 completed in 18s
Start of iteration 9
Current loss value: 7.84672e+08
Image saved as images/paint_at_iteration_9.png
Iteration 9 completed in 18s
