Using TensorFlow backend.
Model loaded.
Start of iteration 0
Current loss value: 2.41775e+09
Image saved as images/paint2_at_iteration_0.png
Iteration 0 completed in 22s
Start of iteration 1
Current loss value: 1.52829e+09
Start of iteration 2
Current loss value: 1.25043e+09
Start of iteration 3
Current loss value: 1.08775e+09
Start of iteration 4
Current loss value: 9.88422e+08
Start of iteration 5
Current loss value: 9.26016e+08
Start of iteration 6
Current loss value: 8.7765e+08
Start of iteration 7
Current loss value: 8.36265e+08
Start of iteration 8
Current loss value: 8.03828e+08
Start of iteration 9
Current loss value: 7.74633e+08
Start of iteration 10
Current loss value: 7.54306e+08
Image saved as images/paint2_at_iteration_10.png
Iteration 10 completed in 18s
Start of iteration 11
Current loss value: 7.36679e+08
Start of iteration 12
Current loss value: 7.22033e+08
Start of iteration 13
Current loss value: 7.0857e+08
Start of iteration 14
Current loss value: 6.94748e+08
Start of iteration 15
Current loss value: 6.82468e+08
Start of iteration 16
Current loss value: 6.72229e+08
Start of iteration 17
Current loss value: 6.63355e+08
Start of iteration 18
Current loss value: 6.54676e+08
Start of iteration 19
Current loss value: 6.47138e+08
Start of iteration 20
Current loss value: 6.38099e+08
Image saved as images/paint2_at_iteration_20.png
Iteration 20 completed in 18s
Start of iteration 21
Current loss value: 6.29281e+08
Start of iteration 22
Current loss value: 6.22586e+08
Start of iteration 23
Current loss value: 6.15141e+08
Start of iteration 24
Current loss value: 6.08675e+08
Start of iteration 25
Current loss value: 6.03759e+08
Start of iteration 26
Current loss value: 5.99128e+08
Start of iteration 27
Current loss value: 5.94781e+08
Start of iteration 28
Current loss value: 5.90004e+08
Start of iteration 29
Current loss value: 5.8594e+08
Start of iteration 30
Current loss value: 5.82063e+08
Image saved as images/paint2_at_iteration_30.png
Iteration 30 completed in 18s
Start of iteration 31
Current loss value: 5.77931e+08
Start of iteration 32
Current loss value: 5.75291e+08
Start of iteration 33
Current loss value: 5.7249e+08
Start of iteration 34
Current loss value: 5.69795e+08
Start of iteration 35
Current loss value: 5.66701e+08
Start of iteration 36
Current loss value: 5.64095e+08
Start of iteration 37
Current loss value: 5.61591e+08
Start of iteration 38
Current loss value: 5.58893e+08
Start of iteration 39
Current loss value: 5.56647e+08
Start of iteration 40
Current loss value: 5.54681e+08
Image saved as images/paint2_at_iteration_40.png
Iteration 40 completed in 19s
Start of iteration 41
Current loss value: 5.52701e+08
Start of iteration 42
Current loss value: 5.50874e+08
Start of iteration 43
Current loss value: 5.48994e+08
Start of iteration 44
Current loss value: 5.47219e+08
Start of iteration 45
Current loss value: 5.45245e+08
Start of iteration 46
Current loss value: 5.43495e+08
Start of iteration 47
Current loss value: 5.42009e+08
Start of iteration 48
Current loss value: 5.40521e+08
Start of iteration 49
Current loss value: 5.38765e+08
Start of iteration 50
Current loss value: 5.37167e+08
Image saved as images/paint2_at_iteration_50.png
Iteration 50 completed in 18s
Start of iteration 51
Current loss value: 5.35425e+08
Start of iteration 52
Current loss value: 5.33836e+08
Start of iteration 53
Current loss value: 5.3254e+08
Start of iteration 54
Current loss value: 5.31385e+08
Start of iteration 55
Current loss value: 5.3001e+08
Start of iteration 56
Current loss value: 5.28766e+08
Start of iteration 57
Current loss value: 5.27502e+08
Start of iteration 58
Current loss value: 5.26104e+08
Start of iteration 59
Current loss value: 5.2508e+08
Start of iteration 60
Current loss value: 5.23808e+08
Image saved as images/paint2_at_iteration_60.png
Iteration 60 completed in 18s
Start of iteration 61
Current loss value: 5.22682e+08
Start of iteration 62
Current loss value: 5.21536e+08
Start of iteration 63
Current loss value: 5.20543e+08
Start of iteration 64
Current loss value: 5.196e+08
Start of iteration 65
Current loss value: 5.18668e+08
Start of iteration 66
Current loss value: 5.17822e+08
Start of iteration 67
Current loss value: 5.16883e+08
Start of iteration 68
Current loss value: 5.15909e+08
Start of iteration 69
Current loss value: 5.15047e+08
Start of iteration 70
Current loss value: 5.14231e+08
Image saved as images/paint2_at_iteration_70.png
Iteration 70 completed in 18s
Start of iteration 71
Current loss value: 5.13482e+08
Start of iteration 72
Current loss value: 5.12687e+08
Start of iteration 73
Current loss value: 5.11879e+08
Start of iteration 74
Current loss value: 5.11126e+08
Start of iteration 75
Current loss value: 5.10363e+08
Start of iteration 76
Current loss value: 5.0962e+08
Start of iteration 77
Current loss value: 5.08863e+08
Start of iteration 78
Current loss value: 5.08258e+08
Start of iteration 79
Current loss value: 5.07553e+08
Start of iteration 80
Current loss value: 5.0689e+08
Image saved as images/paint2_at_iteration_80.png
Iteration 80 completed in 19s
Start of iteration 81
Current loss value: 5.06237e+08
Start of iteration 82
Current loss value: 5.05554e+08
Start of iteration 83
Current loss value: 5.04864e+08
Start of iteration 84
Current loss value: 5.04218e+08
Start of iteration 85
Current loss value: 5.0361e+08
Start of iteration 86
Current loss value: 5.0301e+08
Start of iteration 87
Current loss value: 5.02355e+08
Start of iteration 88
Current loss value: 5.01745e+08
Start of iteration 89
Current loss value: 5.01182e+08
Start of iteration 90
Current loss value: 5.00611e+08
Image saved as images/paint2_at_iteration_90.png
Iteration 90 completed in 18s
Start of iteration 91
Current loss value: 5.00142e+08
Start of iteration 92
Current loss value: 4.99528e+08
Start of iteration 93
Current loss value: 4.98903e+08
Start of iteration 94
Current loss value: 4.98359e+08
Start of iteration 95
Current loss value: 4.97808e+08
Start of iteration 96
Current loss value: 4.97288e+08
Start of iteration 97
Current loss value: 4.96782e+08
Start of iteration 98
Current loss value: 4.96281e+08
Start of iteration 99
Current loss value: 4.95714e+08
Image saved as images/paint2_at_iteration_99.png
Iteration 99 completed in 18s
Exception ignored in: <bound method BaseSession.__del__ of <tensorflow.python.client.session.Session object at 0x7fca24ee1ac8>>
Traceback (most recent call last):
  File "/anaconda/envs/py35/lib/python3.5/site-packages/tensorflow/python/client/session.py", line 696, in __del__
  File "/anaconda/envs/py35/lib/python3.5/site-packages/tensorflow/python/framework/c_api_util.py", line 30, in __init__
TypeError: 'NoneType' object is not callable
